[debug] [2025-02-14T01:51:34.766Z] ----------------------------------------------------------------------
[debug] [2025-02-14T01:51:34.768Z] Command:       C:\Program Files\nodejs\node.exe C:\Users\Ricky\AppData\Roaming\npm\node_modules\firebase-tools\lib\bin\firebase.js init hosting
[debug] [2025-02-14T01:51:34.768Z] CLI Version:   13.31.0
[debug] [2025-02-14T01:51:34.768Z] Platform:      win32
[debug] [2025-02-14T01:51:34.768Z] Node Version:  v22.14.0
[debug] [2025-02-14T01:51:34.768Z] Time:          Fri Feb 14 2025 07:21:34 GMT+0530 (India Standard Time)
[debug] [2025-02-14T01:51:34.768Z] ----------------------------------------------------------------------
[debug] 
[debug] [2025-02-14T01:51:34.904Z] > command requires scopes: ["email","openid","https://www.googleapis.com/auth/cloudplatformprojects.readonly","https://www.googleapis.com/auth/firebase","https://www.googleapis.com/auth/cloud-platform"]
[debug] [2025-02-14T01:51:34.904Z] > authorizing via signed-in user (rudraksha.srinesh@gmail.com)
[info] 
     ######## #### ########  ######## ########     ###     ######  ########
     ##        ##  ##     ## ##       ##     ##  ##   ##  ##       ##
     ######    ##  ########  ######   ########  #########  ######  ######
     ##        ##  ##    ##  ##       ##     ## ##     ##       ## ##
     ##       #### ##     ## ######## ########  ##     ##  ######  ########

You're about to initialize a Firebase project in this directory:

  C:\Users\Ricky\Desktop\tictactoe

Before we get started, keep in mind:

  * You are initializing within an existing Firebase project directory

[info] 
=== Project Setup
[info] 
[info] First, let's associate this project directory with a Firebase project.
[info] You can create multiple project aliases by running firebase use --add, 
[info] but for now we'll just set up a default project.
[info] 
[debug] [2025-02-14T01:51:44.827Z] Checked if tokens are valid: false, expires at: 1739454528529
[debug] [2025-02-14T01:51:44.828Z] Checked if tokens are valid: false, expires at: 1739454528529
[debug] [2025-02-14T01:51:44.828Z] > refreshing access token with scopes: []
[debug] [2025-02-14T01:51:44.829Z] >>> [apiv2][query] POST https://www.googleapis.com/oauth2/v3/token [none]
[debug] [2025-02-14T01:51:44.829Z] >>> [apiv2][body] POST https://www.googleapis.com/oauth2/v3/token [omitted]
[debug] [2025-02-14T01:51:45.101Z] <<< [apiv2][status] POST https://www.googleapis.com/oauth2/v3/token 200
[debug] [2025-02-14T01:51:45.101Z] <<< [apiv2][body] POST https://www.googleapis.com/oauth2/v3/token [omitted]
[debug] [2025-02-14T01:51:45.105Z] >>> [apiv2][query] GET https://firebase.googleapis.com/v1beta1/projects pageSize=100
[debug] [2025-02-14T01:51:46.017Z] <<< [apiv2][status] GET https://firebase.googleapis.com/v1beta1/projects 200
[debug] [2025-02-14T01:51:46.018Z] <<< [apiv2][body] GET https://firebase.googleapis.com/v1beta1/projects [omitted]
[info] i  Using project tic-tac-toe-csit (Tic tac toe) 
[info] 
=== Hosting Setup
[debug] [2025-02-14T01:51:48.820Z] Checked if tokens are valid: true, expires at: 1739501504101
[debug] [2025-02-14T01:51:48.820Z] Checked if tokens are valid: true, expires at: 1739501504101
[debug] [2025-02-14T01:51:48.820Z] >>> [apiv2][query] GET https://firebase.googleapis.com/v1beta1/projects/tic-tac-toe-csit [none]
[debug] [2025-02-14T01:51:49.186Z] <<< [apiv2][status] GET https://firebase.googleapis.com/v1beta1/projects/tic-tac-toe-csit 200
[debug] [2025-02-14T01:51:49.187Z] <<< [apiv2][body] GET https://firebase.googleapis.com/v1beta1/projects/tic-tac-toe-csit {"projectId":"tic-tac-toe-csit","projectNumber":"751554649697","displayName":"Tic tac toe","name":"projects/tic-tac-toe-csit","resources":{"hostingSite":"tic-tac-toe-csit","realtimeDatabaseInstance":"tic-tac-toe-csit-default-rtdb"},"state":"ACTIVE","etag":"1_affa2f41-8107-45c3-b994-92230b20ac7d"}
[info] 
[info] Your public directory is the folder (relative to your project directory) that
[info] will contain Hosting assets to be uploaded with firebase deploy. If you
[info] have a build process for your assets, use your build's output directory.
[info] 
[debug] [2025-02-14T01:52:01.025Z] >>> [apiv2][query] GET https://www.gstatic.com/firebasejs/releases.json [none]
[debug] [2025-02-14T01:52:01.238Z] <<< [apiv2][status] GET https://www.gstatic.com/firebasejs/releases.json 200
[debug] [2025-02-14T01:52:01.238Z] <<< [apiv2][body] GET https://www.gstatic.com/firebasejs/releases.json {"current":{"version":"11.3.1","browserURL":"https://www.gstatic.com/firebasejs/11.3.1/firebase.js","packageURL":"https://www.gstatic.com/firebasejs/11.3.1/firebase.tgz"},"live":{"version":"11.3","browserURL":"https://www.gstatic.com/firebasejs/live/11.3/firebase.js","packageURL":"https://www.gstatic.com/firebasejs/live/11.3/firebase.tgz"},"components":{"analytics":"https://www.gstatic.com/firebasejs/11.3.1/firebase-analytics.js","app":"https://www.gstatic.com/firebasejs/11.3.1/firebase-app.js","app-check":"https://www.gstatic.com/firebasejs/11.3.1/firebase-app-check.js","auth":"https://www.gstatic.com/firebasejs/11.3.1/firebase-auth.js","auth/cordova":"https://www.gstatic.com/firebasejs/11.3.1/firebase-auth/cordova.js","auth/web-extension":"https://www.gstatic.com/firebasejs/11.3.1/firebase-auth/web-extension.js","functions":"https://www.gstatic.com/firebasejs/11.3.1/firebase-functions.js","firestore":"https://www.gstatic.com/firebasejs/11.3.1/firebase-firestore.js","firestore/lite":"https://www.gstatic.com/firebasejs/11.3.1/firebase-firestore/lite.js","installations":"https://www.gstatic.com/firebasejs/11.3.1/firebase-installations.js","storage":"https://www.gstatic.com/firebasejs/11.3.1/firebase-storage.js","performance":"https://www.gstatic.com/firebasejs/11.3.1/firebase-performance.js","remote-config":"https://www.gstatic.com/firebasejs/11.3.1/firebase-remote-config.js","messaging":"https://www.gstatic.com/firebasejs/11.3.1/firebase-messaging.js","messaging/sw":"https://www.gstatic.com/firebasejs/11.3.1/firebase-messaging/sw.js","database":"https://www.gstatic.com/firebasejs/11.3.1/firebase-database.js","vertexai":"https://www.gstatic.com/firebasejs/11.3.1/firebase-vertexai.js","data-connect":"https://www.gstatic.com/firebasejs/11.3.1/firebase-data-connect.js","firestore.memory":"https://www.gstatic.com/firebasejs/11.3.1/firebase-firestore.memory.js"}}
[info] +  Wrote public/index.html 
[info] 
[info] i  Didn't detect a .git folder. Assuming C:\Users\Ricky\Desktop\tictactoe is the project root. 
[info] i  Authorizing with GitHub to upload your service account to a GitHub repository's secrets store. 
[info] 
[info] Visit this URL on this device to log in:
[info] https://github.com/login/oauth/authorize?client_id=89cf50f02ac6aaed3484&state=537611830&redirect_uri=http%3A%2F%2Flocalhost%3A9005&scope=read%3Auser%20repo%20public_repo
[info] 
[info] Waiting for authentication...
[debug] [2025-02-14T01:52:18.710Z] >>> [apiv2][query] POST https://github.com/login/oauth/access_token [none]
[debug] [2025-02-14T01:52:18.710Z] >>> [apiv2][body] POST https://github.com/login/oauth/access_token [stream]
[debug] [2025-02-14T01:52:19.039Z] <<< [apiv2][status] POST https://github.com/login/oauth/access_token 200
[debug] [2025-02-14T01:52:19.039Z] <<< [apiv2][body] POST https://github.com/login/oauth/access_token {"access_token":"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","token_type":"bearer","scope":"read:user,repo"}
[debug] [2025-02-14T01:52:19.042Z] >>> [apiv2][query] GET https://api.github.com/user [none]
[debug] [2025-02-14T01:52:19.423Z] <<< [apiv2][status] GET https://api.github.com/user 200
[debug] [2025-02-14T01:52:19.423Z] <<< [apiv2][body] GET https://api.github.com/user {"login":"Rickyavailable","id":144884021,"node_id":"U_kgDOCKLBNQ","avatar_url":"https://avatars.githubusercontent.com/u/144884021?v=4","gravatar_id":"","url":"https://api.github.com/users/Rickyavailable","html_url":"https://github.com/Rickyavailable","followers_url":"https://api.github.com/users/Rickyavailable/followers","following_url":"https://api.github.com/users/Rickyavailable/following{/other_user}","gists_url":"https://api.github.com/users/Rickyavailable/gists{/gist_id}","starred_url":"https://api.github.com/users/Rickyavailable/starred{/owner}{/repo}","subscriptions_url":"https://api.github.com/users/Rickyavailable/subscriptions","organizations_url":"https://api.github.com/users/Rickyavailable/orgs","repos_url":"https://api.github.com/users/Rickyavailable/repos","events_url":"https://api.github.com/users/Rickyavailable/events{/privacy}","received_events_url":"https://api.github.com/users/Rickyavailable/received_events","type":"User","user_view_type":"private","site_admin":false,"name":null,"company":null,"blog":"","location":null,"email":null,"hireable":null,"bio":null,"twitter_username":null,"notification_email":null,"public_repos":3,"public_gists":0,"followers":0,"following":0,"created_at":"2023-09-13T06:53:52Z","updated_at":"2025-02-13T11:27:56Z","private_gists":0,"total_private_repos":0,"owned_private_repos":0,"disk_usage":1028,"collaborators":0,"two_factor_authentication":false,"plan":{"name":"free","space":976562499,"collaborators":0,"private_repos":10000}}
[info] 
[info] +  Success! Logged into GitHub as Rickyavailable 
[info] 
